<?xml version="1.0" encoding="UTF-8"?>
<testng-results skipped="0" failed="3" total="6" passed="3">
  <reporter-output>
  </reporter-output>
  <suite name="Default suite" duration-ms="159334" started-at="2019-03-26T09:07:58Z" finished-at="2019-03-26T09:10:37Z">
    <groups>
    </groups>
    <test name="Default test" duration-ms="159334" started-at="2019-03-26T09:07:58Z" finished-at="2019-03-26T09:10:37Z">
      <class name="com.planitdemo.facebook.pom.testcases.SignUpTest">
        <test-method status="FAIL" signature="doSignUp(java.util.Hashtable)[pri:0, instance:com.planitdemo.facebook.pom.testcases.SignUpTest@6150c3ec]" name="doSignUp" duration-ms="18222" started-at="2019-03-26T14:37:58Z" data-provider="getData" finished-at="2019-03-26T14:38:16Z">
          <params>
            <param index="0">
              <value>
                <![CDATA[{Year=1985, NewPassword=new@123, Re-enterEmail=ratikamet@gmail.com, Runmode=Y, Month=Mar, Error Message=What's your name???, MobileOrEmail=ratikamet@gmail.com, LastName=Kamet, Gender=M, Day=13, FirstName=, Browser=Chrome}]]>
              </value>
            </param>
          </params>
          <exception class="java.lang.AssertionError">
            <message>
              <![CDATA[Failed to validate error message:-Expected-->[What's your name???]...and Actual-->[What's your name?]]]>
            </message>
            <full-stacktrace>
              <![CDATA[java.lang.AssertionError: Failed to validate error message:-Expected-->[What's your name???]...and Actual-->[What's your name?]
	at org.junit.Assert.fail(Assert.java:88)
	at com.planitdemo.facebook.pom.base.BasePage.reportFailure(BasePage.java:79)
	at com.planitdemo.facebook.pom.testcases.SignUpTest.doSignUp(SignUpTest.java:76)
	at sun.reflect.NativeMethodAccessorImpl.invoke0(Native Method)
	at sun.reflect.NativeMethodAccessorImpl.invoke(Unknown Source)
	at sun.reflect.DelegatingMethodAccessorImpl.invoke(Unknown Source)
	at java.lang.reflect.Method.invoke(Unknown Source)
	at org.testng.internal.MethodInvocationHelper.invokeMethod(MethodInvocationHelper.java:85)
	at org.testng.internal.Invoker.invokeMethod(Invoker.java:639)
	at org.testng.internal.Invoker.invokeTestMethod(Invoker.java:821)
	at org.testng.internal.Invoker.invokeTestMethods(Invoker.java:1131)
	at org.testng.internal.TestMethodWorker.invokeTestMethods(TestMethodWorker.java:124)
	at org.testng.internal.TestMethodWorker.run(TestMethodWorker.java:108)
	at org.testng.TestRunner.privateRun(TestRunner.java:773)
	at org.testng.TestRunner.run(TestRunner.java:623)
	at org.testng.SuiteRunner.runTest(SuiteRunner.java:357)
	at org.testng.SuiteRunner.runSequentially(SuiteRunner.java:352)
	at org.testng.SuiteRunner.privateRun(SuiteRunner.java:310)
	at org.testng.SuiteRunner.run(SuiteRunner.java:259)
	at org.testng.SuiteRunnerWorker.runSuite(SuiteRunnerWorker.java:52)
	at org.testng.SuiteRunnerWorker.run(SuiteRunnerWorker.java:86)
	at org.testng.TestNG.runSuitesSequentially(TestNG.java:1185)
	at org.testng.TestNG.runSuitesLocally(TestNG.java:1110)
	at org.testng.TestNG.run(TestNG.java:1018)
	at org.testng.remote.AbstractRemoteTestNG.run(AbstractRemoteTestNG.java:115)
	at org.testng.remote.RemoteTestNG.initAndRun(RemoteTestNG.java:251)
	at org.testng.remote.RemoteTestNG.main(RemoteTestNG.java:77)
]]>
            </full-stacktrace>
          </exception> <!-- java.lang.AssertionError -->
          <reporter-output>
          </reporter-output>
        </test-method> <!-- doSignUp -->
        <test-method status="PASS" signature="quit()[pri:0, instance:com.planitdemo.facebook.pom.testcases.SignUpTest@6150c3ec]" name="quit" is-config="true" duration-ms="1782" started-at="2019-03-26T14:38:16Z" finished-at="2019-03-26T14:38:18Z">
          <reporter-output>
          </reporter-output>
        </test-method> <!-- quit -->
        <test-method status="PASS" signature="doSignUp(java.util.Hashtable)[pri:0, instance:com.planitdemo.facebook.pom.testcases.SignUpTest@6150c3ec]" name="doSignUp" duration-ms="13996" started-at="2019-03-26T14:38:18Z" data-provider="getData" finished-at="2019-03-26T14:38:32Z">
          <params>
            <param index="0">
              <value>
                <![CDATA[{Year=1986, NewPassword=new@123, Re-enterEmail=ratikamet@gmail.com, Runmode=Y, Month=Mar, Error Message=What's your name?, MobileOrEmail=ratikamet@gmail.com, LastName=, Gender=M, Day=11, FirstName=Rati, Browser=Chrome}]]>
              </value>
            </param>
          </params>
          <reporter-output>
          </reporter-output>
        </test-method> <!-- doSignUp -->
        <test-method status="PASS" signature="quit()[pri:0, instance:com.planitdemo.facebook.pom.testcases.SignUpTest@6150c3ec]" name="quit" is-config="true" duration-ms="1474" started-at="2019-03-26T14:38:32Z" finished-at="2019-03-26T14:38:34Z">
          <reporter-output>
          </reporter-output>
        </test-method> <!-- quit -->
        <test-method status="PASS" signature="doSignUp(java.util.Hashtable)[pri:0, instance:com.planitdemo.facebook.pom.testcases.SignUpTest@6150c3ec]" name="doSignUp" duration-ms="16769" started-at="2019-03-26T14:38:34Z" data-provider="getData" finished-at="2019-03-26T14:38:50Z">
          <params>
            <param index="0">
              <value>
                <![CDATA[{Year=1987, NewPassword=new@123, Re-enterEmail=ratikamets@gmail.com, Runmode=Y, Month=Mar, Error Message=Your emails do not match. Please try again., MobileOrEmail=ratikamet@gmail.com, LastName=patela, Gender=M, Day=11, FirstName=Rati, Browser=Chrome}]]>
              </value>
            </param>
          </params>
          <reporter-output>
          </reporter-output>
        </test-method> <!-- doSignUp -->
        <test-method status="PASS" signature="quit()[pri:0, instance:com.planitdemo.facebook.pom.testcases.SignUpTest@6150c3ec]" name="quit" is-config="true" duration-ms="1440" started-at="2019-03-26T14:38:50Z" finished-at="2019-03-26T14:38:52Z">
          <reporter-output>
          </reporter-output>
        </test-method> <!-- quit -->
        <test-method status="FAIL" signature="doSignUp(java.util.Hashtable)[pri:0, instance:com.planitdemo.facebook.pom.testcases.SignUpTest@6150c3ec]" name="doSignUp" duration-ms="15173" started-at="2019-03-26T14:38:52Z" data-provider="getData" finished-at="2019-03-26T14:39:07Z">
          <params>
            <param index="0">
              <value>
                <![CDATA[{Year=1988, NewPassword=new@123, Re-enterEmail=ratikamet@gmail.com, Runmode=Y, Month=Mar, Error Message=Please choose a gender. You can change who can see this later ok, MobileOrEmail=ratikamet@gmail.com, LastName=patela, Gender=, Day=11, FirstName=Rati, Browser=Chrome}]]>
              </value>
            </param>
          </params>
          <exception class="java.lang.AssertionError">
            <message>
              <![CDATA[Failed to validate error message:-Expected-->[Please choose a gender. You can change who can see this later ok]...and Actual-->[Please choose a gender. You can change who can see this later.]]]>
            </message>
            <full-stacktrace>
              <![CDATA[java.lang.AssertionError: Failed to validate error message:-Expected-->[Please choose a gender. You can change who can see this later ok]...and Actual-->[Please choose a gender. You can change who can see this later.]
	at org.junit.Assert.fail(Assert.java:88)
	at com.planitdemo.facebook.pom.base.BasePage.reportFailure(BasePage.java:79)
	at com.planitdemo.facebook.pom.testcases.SignUpTest.doSignUp(SignUpTest.java:76)
	at sun.reflect.NativeMethodAccessorImpl.invoke0(Native Method)
	at sun.reflect.NativeMethodAccessorImpl.invoke(Unknown Source)
	at sun.reflect.DelegatingMethodAccessorImpl.invoke(Unknown Source)
	at java.lang.reflect.Method.invoke(Unknown Source)
	at org.testng.internal.MethodInvocationHelper.invokeMethod(MethodInvocationHelper.java:85)
	at org.testng.internal.Invoker.invokeMethod(Invoker.java:639)
	at org.testng.internal.Invoker.invokeTestMethod(Invoker.java:821)
	at org.testng.internal.Invoker.invokeTestMethods(Invoker.java:1131)
	at org.testng.internal.TestMethodWorker.invokeTestMethods(TestMethodWorker.java:124)
	at org.testng.internal.TestMethodWorker.run(TestMethodWorker.java:108)
	at org.testng.TestRunner.privateRun(TestRunner.java:773)
	at org.testng.TestRunner.run(TestRunner.java:623)
	at org.testng.SuiteRunner.runTest(SuiteRunner.java:357)
	at org.testng.SuiteRunner.runSequentially(SuiteRunner.java:352)
	at org.testng.SuiteRunner.privateRun(SuiteRunner.java:310)
	at org.testng.SuiteRunner.run(SuiteRunner.java:259)
	at org.testng.SuiteRunnerWorker.runSuite(SuiteRunnerWorker.java:52)
	at org.testng.SuiteRunnerWorker.run(SuiteRunnerWorker.java:86)
	at org.testng.TestNG.runSuitesSequentially(TestNG.java:1185)
	at org.testng.TestNG.runSuitesLocally(TestNG.java:1110)
	at org.testng.TestNG.run(TestNG.java:1018)
	at org.testng.remote.AbstractRemoteTestNG.run(AbstractRemoteTestNG.java:115)
	at org.testng.remote.RemoteTestNG.initAndRun(RemoteTestNG.java:251)
	at org.testng.remote.RemoteTestNG.main(RemoteTestNG.java:77)
]]>
            </full-stacktrace>
          </exception> <!-- java.lang.AssertionError -->
          <reporter-output>
          </reporter-output>
        </test-method> <!-- doSignUp -->
        <test-method status="PASS" signature="quit()[pri:0, instance:com.planitdemo.facebook.pom.testcases.SignUpTest@6150c3ec]" name="quit" is-config="true" duration-ms="1461" started-at="2019-03-26T14:39:07Z" finished-at="2019-03-26T14:39:09Z">
          <reporter-output>
          </reporter-output>
        </test-method> <!-- quit -->
        <test-method status="FAIL" signature="doSignUp(java.util.Hashtable)[pri:0, instance:com.planitdemo.facebook.pom.testcases.SignUpTest@6150c3ec]" name="doSignUp" duration-ms="72012" started-at="2019-03-26T14:39:09Z" data-provider="getData" finished-at="2019-03-26T14:40:21Z">
          <params>
            <param index="0">
              <value>
                <![CDATA[{Year=1988, NewPassword=new@123, Re-enterEmail=ratikamet@gmail.com, Runmode=Y, Month=May, Error Message=, MobileOrEmail=ratikamet@gmail.com, LastName=Matile, Gender=F, Day=22, FirstName=Rati, Browser=Chrome}]]>
              </value>
            </param>
          </params>
          <exception class="org.openqa.selenium.TimeoutException">
            <message>
              <![CDATA[Timed out after 30 seconds waiting for element to be clickable: Proxy element for: DefaultElementLocator 'By.cssSelector: h2.uiHeaderTitle'
Build info: version: '2.53.0', revision: '35ae25b1534ae328c771e0856c93e187490ca824', time: '2016-03-15 10:43:46'
System info: host: 'PNI6P1831', ip: '146.122.167.205', os.name: 'Windows 7', os.arch: 'amd64', os.version: '6.1', java.version: '1.8.0_141'
Driver info: org.openqa.selenium.chrome.ChromeDriver
Capabilities [{mobileEmulationEnabled=false, hasTouchScreen=false, platform=XP, acceptSslCerts=false, goog:chromeOptions={debuggerAddress=localhost:52276}, acceptInsecureCerts=false, webStorageEnabled=true, browserName=chrome, takesScreenshot=true, javascriptEnabled=true, setWindowRect=true, unexpectedAlertBehaviour=, applicationCacheEnabled=false, rotatable=false, networkConnectionEnabled=false, chrome={chromedriverVersion=2.42.591088 (7b2b2dca23cca0862f674758c9a3933e685c27d5), userDataDir=C:\Temp\scoped_dir8360_25375}, takesHeapSnapshot=true, pageLoadStrategy=normal, databaseEnabled=false, handlesAlerts=true, version=72.0.3626.121, browserConnectionEnabled=false, nativeEvents=true, locationContextEnabled=true, cssSelectorsEnabled=true}]
Session ID: bee5bfc4f99c370adf74cb6ebdfe5398]]>
            </message>
            <full-stacktrace>
              <![CDATA[org.openqa.selenium.TimeoutException: Timed out after 30 seconds waiting for element to be clickable: Proxy element for: DefaultElementLocator 'By.cssSelector: h2.uiHeaderTitle'
Build info: version: '2.53.0', revision: '35ae25b1534ae328c771e0856c93e187490ca824', time: '2016-03-15 10:43:46'
System info: host: 'PNI6P1831', ip: '146.122.167.205', os.name: 'Windows 7', os.arch: 'amd64', os.version: '6.1', java.version: '1.8.0_141'
Driver info: org.openqa.selenium.chrome.ChromeDriver
Capabilities [{mobileEmulationEnabled=false, hasTouchScreen=false, platform=XP, acceptSslCerts=false, goog:chromeOptions={debuggerAddress=localhost:52276}, acceptInsecureCerts=false, webStorageEnabled=true, browserName=chrome, takesScreenshot=true, javascriptEnabled=true, setWindowRect=true, unexpectedAlertBehaviour=, applicationCacheEnabled=false, rotatable=false, networkConnectionEnabled=false, chrome={chromedriverVersion=2.42.591088 (7b2b2dca23cca0862f674758c9a3933e685c27d5), userDataDir=C:\Temp\scoped_dir8360_25375}, takesHeapSnapshot=true, pageLoadStrategy=normal, databaseEnabled=false, handlesAlerts=true, version=72.0.3626.121, browserConnectionEnabled=false, nativeEvents=true, locationContextEnabled=true, cssSelectorsEnabled=true}]
Session ID: bee5bfc4f99c370adf74cb6ebdfe5398
	at org.openqa.selenium.support.ui.WebDriverWait.timeoutException(WebDriverWait.java:80)
	at org.openqa.selenium.support.ui.FluentWait.until(FluentWait.java:261)
	at com.planitdemo.facebook.pom.base.BasePage.waitForVisibilityOf(BasePage.java:51)
	at com.planitdemo.facebook.pom.testcases.SignUpTest.doSignUp(SignUpTest.java:85)
	at sun.reflect.NativeMethodAccessorImpl.invoke0(Native Method)
	at sun.reflect.NativeMethodAccessorImpl.invoke(Unknown Source)
	at sun.reflect.DelegatingMethodAccessorImpl.invoke(Unknown Source)
	at java.lang.reflect.Method.invoke(Unknown Source)
	at org.testng.internal.MethodInvocationHelper.invokeMethod(MethodInvocationHelper.java:85)
	at org.testng.internal.Invoker.invokeMethod(Invoker.java:639)
	at org.testng.internal.Invoker.invokeTestMethod(Invoker.java:821)
	at org.testng.internal.Invoker.invokeTestMethods(Invoker.java:1131)
	at org.testng.internal.TestMethodWorker.invokeTestMethods(TestMethodWorker.java:124)
	at org.testng.internal.TestMethodWorker.run(TestMethodWorker.java:108)
	at org.testng.TestRunner.privateRun(TestRunner.java:773)
	at org.testng.TestRunner.run(TestRunner.java:623)
	at org.testng.SuiteRunner.runTest(SuiteRunner.java:357)
	at org.testng.SuiteRunner.runSequentially(SuiteRunner.java:352)
	at org.testng.SuiteRunner.privateRun(SuiteRunner.java:310)
	at org.testng.SuiteRunner.run(SuiteRunner.java:259)
	at org.testng.SuiteRunnerWorker.runSuite(SuiteRunnerWorker.java:52)
	at org.testng.SuiteRunnerWorker.run(SuiteRunnerWorker.java:86)
	at org.testng.TestNG.runSuitesSequentially(TestNG.java:1185)
	at org.testng.TestNG.runSuitesLocally(TestNG.java:1110)
	at org.testng.TestNG.run(TestNG.java:1018)
	at org.testng.remote.AbstractRemoteTestNG.run(AbstractRemoteTestNG.java:115)
	at org.testng.remote.RemoteTestNG.initAndRun(RemoteTestNG.java:251)
	at org.testng.remote.RemoteTestNG.main(RemoteTestNG.java:77)
Caused by: org.openqa.selenium.NoSuchElementException: no such element: Unable to locate element: {"method":"css selector","selector":"h2.uiHeaderTitle"}
  (Session info: chrome=72.0.3626.121)
  (Driver info: chromedriver=2.42.591088 (7b2b2dca23cca0862f674758c9a3933e685c27d5),platform=Windows NT 6.1.7601 SP1 x86_64) (WARNING: The server did not provide any stacktrace information)
Command duration or timeout: 20.03 seconds
For documentation on this error, please visit: http://seleniumhq.org/exceptions/no_such_element.html
Build info: version: '2.53.0', revision: '35ae25b1534ae328c771e0856c93e187490ca824', time: '2016-03-15 10:43:46'
System info: host: 'PNI6P1831', ip: '146.122.167.205', os.name: 'Windows 7', os.arch: 'amd64', os.version: '6.1', java.version: '1.8.0_141'
Driver info: org.openqa.selenium.chrome.ChromeDriver
Capabilities [{mobileEmulationEnabled=false, hasTouchScreen=false, platform=XP, acceptSslCerts=false, goog:chromeOptions={debuggerAddress=localhost:52276}, acceptInsecureCerts=false, webStorageEnabled=true, browserName=chrome, takesScreenshot=true, javascriptEnabled=true, setWindowRect=true, unexpectedAlertBehaviour=, applicationCacheEnabled=false, rotatable=false, networkConnectionEnabled=false, chrome={chromedriverVersion=2.42.591088 (7b2b2dca23cca0862f674758c9a3933e685c27d5), userDataDir=C:\Temp\scoped_dir8360_25375}, takesHeapSnapshot=true, pageLoadStrategy=normal, databaseEnabled=false, handlesAlerts=true, version=72.0.3626.121, browserConnectionEnabled=false, nativeEvents=true, locationContextEnabled=true, cssSelectorsEnabled=true}]
Session ID: bee5bfc4f99c370adf74cb6ebdfe5398
*** Element info: {Using=css selector, value=h2.uiHeaderTitle}
	at sun.reflect.NativeConstructorAccessorImpl.newInstance0(Native Method)
	at sun.reflect.NativeConstructorAccessorImpl.newInstance(Unknown Source)
	at sun.reflect.DelegatingConstructorAccessorImpl.newInstance(Unknown Source)
	at java.lang.reflect.Constructor.newInstance(Unknown Source)
	at org.openqa.selenium.remote.ErrorHandler.createThrowable(ErrorHandler.java:206)
	at org.openqa.selenium.remote.ErrorHandler.throwIfResponseFailed(ErrorHandler.java:158)
	at org.openqa.selenium.remote.RemoteWebDriver.execute(RemoteWebDriver.java:678)
	at org.openqa.selenium.remote.RemoteWebDriver.findElement(RemoteWebDriver.java:363)
	at org.openqa.selenium.remote.RemoteWebDriver.findElementByCssSelector(RemoteWebDriver.java:492)
	at org.openqa.selenium.By$ByCssSelector.findElement(By.java:430)
	at org.openqa.selenium.remote.RemoteWebDriver.findElement(RemoteWebDriver.java:355)
	at org.openqa.selenium.support.pagefactory.DefaultElementLocator.findElement(DefaultElementLocator.java:69)
	at org.openqa.selenium.support.pagefactory.internal.LocatingElementHandler.invoke(LocatingElementHandler.java:38)
	at com.sun.proxy.$Proxy7.isDisplayed(Unknown Source)
	at org.openqa.selenium.support.ui.ExpectedConditions.elementIfVisible(ExpectedConditions.java:302)
	at org.openqa.selenium.support.ui.ExpectedConditions.access$100(ExpectedConditions.java:41)
	at org.openqa.selenium.support.ui.ExpectedConditions$10.apply(ExpectedConditions.java:288)
	at org.openqa.selenium.support.ui.ExpectedConditions$10.apply(ExpectedConditions.java:285)
	at org.openqa.selenium.support.ui.ExpectedConditions$23.apply(ExpectedConditions.java:687)
	at org.openqa.selenium.support.ui.ExpectedConditions$23.apply(ExpectedConditions.java:680)
	at org.openqa.selenium.support.ui.FluentWait.until(FluentWait.java:238)
	... 26 more
]]>
            </full-stacktrace>
          </exception> <!-- org.openqa.selenium.TimeoutException -->
          <reporter-output>
          </reporter-output>
        </test-method> <!-- doSignUp -->
        <test-method status="PASS" signature="quit()[pri:0, instance:com.planitdemo.facebook.pom.testcases.SignUpTest@6150c3ec]" name="quit" is-config="true" duration-ms="1425" started-at="2019-03-26T14:40:21Z" finished-at="2019-03-26T14:40:22Z">
          <reporter-output>
          </reporter-output>
        </test-method> <!-- quit -->
        <test-method status="PASS" signature="doSignUp(java.util.Hashtable)[pri:0, instance:com.planitdemo.facebook.pom.testcases.SignUpTest@6150c3ec]" name="doSignUp" duration-ms="14051" started-at="2019-03-26T14:40:22Z" data-provider="getData" finished-at="2019-03-26T14:40:36Z">
          <params>
            <param index="0">
              <value>
                <![CDATA[{Year=1985, NewPassword=new@123, Re-enterEmail=, Runmode=Y, Month=Mar, Error Message=Please re-enter your email address., MobileOrEmail=ratikamet@gmail.com, LastName=patela, Gender=F, Day=11, FirstName=Rati, Browser=Chrome}]]>
              </value>
            </param>
          </params>
          <reporter-output>
          </reporter-output>
        </test-method> <!-- doSignUp -->
        <test-method status="PASS" signature="quit()[pri:0, instance:com.planitdemo.facebook.pom.testcases.SignUpTest@6150c3ec]" name="quit" is-config="true" duration-ms="1464" started-at="2019-03-26T14:40:36Z" finished-at="2019-03-26T14:40:37Z">
          <reporter-output>
          </reporter-output>
        </test-method> <!-- quit -->
      </class> <!-- com.planitdemo.facebook.pom.testcases.SignUpTest -->
    </test> <!-- Default test -->
  </suite> <!-- Default suite -->
</testng-results>
